<?xml version="1.0" encoding="UTF-8"?>
<!-- Generated by org.testng.reporters.JUnitReportReporter -->
<testsuite hostname="DESKTOP-P9OUGOL" failures="0" tests="1" name="com.test.Question2" time="42.521" errors="0" timestamp="2021-06-09T22:52:00 IST" skipped="0">
  <testcase classname="com.test.Question2" name="checkout" time="42.521"/>
  <system-out/>
</testsuite> <!-- com.test.Question2 -->
