<?xml version="1.0" encoding="UTF-8"?>
<!-- Generated by org.testng.reporters.JUnitReportReporter -->
<testsuite hostname="DESKTOP-P9OUGOL" failures="0" tests="1" name="com.test.Question1" time="11.705" errors="0" timestamp="2021-06-09T22:50:47 IST" skipped="0">
  <testcase classname="com.test.Question1" name="order" time="11.705"/>
  <system-out/>
</testsuite> <!-- com.test.Question1 -->
